<?xml version="1.0" encoding="UTF-8"?>
<!-- Generated by org.testng.reporters.JUnitReportReporter -->
<testsuite hostname="DESKTOP-PVOSN5J" failures="0" tests="4" name="com.scripts.VivinoTest" time="70.192" errors="0" timestamp="2022-04-15T02:55:41 CEST" skipped="0">
  <testcase classname="com.scripts.VivinoTest" name="verifyHome" time="0.103"/>
  <system-out/>
  <testcase classname="com.scripts.VivinoTest" name="searchOnDashboard" time="24.233"/>
  <system-out/>
  <testcase classname="com.scripts.VivinoTest" name="searchOnDashboard" time="22.449"/>
  <system-out/>
  <testcase classname="com.scripts.VivinoTest" name="searchOnDashboard" time="23.407"/>
  <system-out/>
</testsuite> <!-- com.scripts.VivinoTest -->
