<?xml version="1.0" encoding="UTF-8"?>
<!-- Generated by org.testng.reporters.JUnitReportReporter -->
<testsuite hostname="DESKTOP-PVOSN5J" failures="0" tests="4" name="com.scripts.HomePageTest" time="20.580" errors="0" timestamp="2022-04-15T02:42:31 CEST" skipped="0">
  <testcase classname="com.scripts.HomePageTest" name="verifyHome" time="0.603"/>
  <system-out/>
  <testcase classname="com.scripts.HomePageTest" name="searchOnDashboard" time="13.795"/>
  <system-out/>
  <testcase classname="com.scripts.HomePageTest" name="verifyResults" time="0.619"/>
  <system-out/>
  <testcase classname="com.scripts.HomePageTest" name="verifyResultDetail" time="5.563"/>
  <system-out/>
</testsuite> <!-- com.scripts.HomePageTest -->
